This file contains any messages produced by compilers while
running configure, to aid debugging if configure makes a mistake.

It was created by hops configure 1.0.0, which was
generated by GNU Autoconf 2.69.  Invocation command line was

  $ ./configure 

## --------- ##
## Platform. ##
## --------- ##

hostname = silas-Inspiron-7773
uname -m = x86_64
uname -r = 4.15.0-43-generic
uname -s = Linux
uname -v = #46-Ubuntu SMP Thu Dec 6 14:45:28 UTC 2018

/usr/bin/uname -p = unknown
/bin/uname -X     = unknown

/bin/arch              = unknown
/usr/bin/arch -k       = unknown
/usr/convex/getsysinfo = unknown
/usr/bin/hostinfo      = unknown
/bin/machine           = unknown
/usr/bin/oslevel       = unknown
/bin/universe          = unknown

PATH: /home/silas/.nvm/versions/node/v11.5.0/bin
PATH: /home/silas/.npm-global/bin
PATH: /home/silas/.local/bin
PATH: /home/silas/bin
PATH: /usr/local/sbin
PATH: /usr/local/bin
PATH: /usr/sbin
PATH: /usr/bin
PATH: /sbin
PATH: /bin
PATH: /usr/games
PATH: /usr/local/games
PATH: /snap/bin
PATH: /usr/lib/jvm/java-10-oracle/bin
PATH: /usr/lib/jvm/java-10-oracle/db/bin


## ----------- ##
## Core tests. ##
## ----------- ##

configure:2258: checking for a BSD-compatible install
configure:2326: result: /usr/bin/install -c
configure:2337: checking whether build environment is sane
configure:2392: result: yes
configure:2543: checking for a thread-safe mkdir -p
configure:2582: result: /bin/mkdir -p
configure:2589: checking for gawk
configure:2619: result: no
configure:2589: checking for mawk
configure:2605: found /usr/bin/mawk
configure:2616: result: mawk
configure:2627: checking whether make sets $(MAKE)
configure:2649: result: yes
configure:2678: checking whether make supports nested variables
configure:2695: result: yes
configure:2871: checking for g++
configure:2887: found /usr/bin/g++
configure:2898: result: g++
configure:2925: checking for C++ compiler version
configure:2934: g++ --version >&5
g++ (Ubuntu 7.3.0-27ubuntu1~18.04) 7.3.0
Copyright (C) 2017 Free Software Foundation, Inc.
This is free software; see the source for copying conditions.  There is NO
warranty; not even for MERCHANTABILITY or FITNESS FOR A PARTICULAR PURPOSE.

configure:2945: $? = 0
configure:2934: g++ -v >&5
Using built-in specs.
COLLECT_GCC=g++
COLLECT_LTO_WRAPPER=/usr/lib/gcc/x86_64-linux-gnu/7/lto-wrapper
OFFLOAD_TARGET_NAMES=nvptx-none
OFFLOAD_TARGET_DEFAULT=1
Target: x86_64-linux-gnu
Configured with: ../src/configure -v --with-pkgversion='Ubuntu 7.3.0-27ubuntu1~18.04' --with-bugurl=file:///usr/share/doc/gcc-7/README.Bugs --enable-languages=c,ada,c++,go,brig,d,fortran,objc,obj-c++ --prefix=/usr --with-gcc-major-version-only --program-suffix=-7 --program-prefix=x86_64-linux-gnu- --enable-shared --enable-linker-build-id --libexecdir=/usr/lib --without-included-gettext --enable-threads=posix --libdir=/usr/lib --enable-nls --with-sysroot=/ --enable-clocale=gnu --enable-libstdcxx-debug --enable-libstdcxx-time=yes --with-default-libstdcxx-abi=new --enable-gnu-unique-object --disable-vtable-verify --enable-libmpx --enable-plugin --enable-default-pie --with-system-zlib --with-target-system-zlib --enable-objc-gc=auto --enable-multiarch --disable-werror --with-arch-32=i686 --with-abi=m64 --with-multilib-list=m32,m64,mx32 --enable-multilib --with-tune=generic --enable-offload-targets=nvptx-none --without-cuda-driver --enable-checking=release --build=x86_64-linux-gnu --host=x86_64-linux-gnu --target=x86_64-linux-gnu
Thread model: posix
gcc version 7.3.0 (Ubuntu 7.3.0-27ubuntu1~18.04) 
configure:2945: $? = 0
configure:2934: g++ -V >&5
g++: error: unrecognized command line option '-V'
g++: fatal error: no input files
compilation terminated.
configure:2945: $? = 1
configure:2934: g++ -qversion >&5
g++: error: unrecognized command line option '-qversion'; did you mean '--version'?
g++: fatal error: no input files
compilation terminated.
configure:2945: $? = 1
configure:2965: checking whether the C++ compiler works
configure:2987: g++    conftest.cpp  >&5
configure:2991: $? = 0
configure:3039: result: yes
configure:3042: checking for C++ compiler default output file name
configure:3044: result: a.out
configure:3050: checking for suffix of executables
configure:3057: g++ -o conftest    conftest.cpp  >&5
configure:3061: $? = 0
configure:3083: result: 
configure:3105: checking whether we are cross compiling
configure:3113: g++ -o conftest    conftest.cpp  >&5
configure:3117: $? = 0
configure:3124: ./conftest
configure:3128: $? = 0
configure:3143: result: no
configure:3148: checking for suffix of object files
configure:3170: g++ -c   conftest.cpp >&5
configure:3174: $? = 0
configure:3195: result: o
configure:3199: checking whether we are using the GNU C++ compiler
configure:3218: g++ -c   conftest.cpp >&5
configure:3218: $? = 0
configure:3227: result: yes
configure:3236: checking whether g++ accepts -g
configure:3256: g++ -c -g  conftest.cpp >&5
configure:3256: $? = 0
configure:3297: result: yes
configure:3331: checking for style of include used by make
configure:3359: result: GNU
configure:3385: checking dependency style of g++
configure:3496: result: gcc3
configure:3524: checking how to run the C++ preprocessor
configure:3551: g++ -E  conftest.cpp
configure:3551: $? = 0
configure:3565: g++ -E  conftest.cpp
conftest.cpp:9:10: fatal error: ac_nonexistent.h: No such file or directory
 #include <ac_nonexistent.h>
          ^~~~~~~~~~~~~~~~~~
compilation terminated.
configure:3565: $? = 1
configure: failed program was:
| /* confdefs.h */
| #define PACKAGE_NAME "hops"
| #define PACKAGE_TARNAME "hops"
| #define PACKAGE_VERSION "1.0.0"
| #define PACKAGE_STRING "hops 1.0.0"
| #define PACKAGE_BUGREPORT "tpw@google.com"
| #define PACKAGE_URL ""
| /* end confdefs.h.  */
| #include <ac_nonexistent.h>
configure:3590: result: g++ -E
configure:3610: g++ -E  conftest.cpp
configure:3610: $? = 0
configure:3624: g++ -E  conftest.cpp
conftest.cpp:9:10: fatal error: ac_nonexistent.h: No such file or directory
 #include <ac_nonexistent.h>
          ^~~~~~~~~~~~~~~~~~
compilation terminated.
configure:3624: $? = 1
configure: failed program was:
| /* confdefs.h */
| #define PACKAGE_NAME "hops"
| #define PACKAGE_TARNAME "hops"
| #define PACKAGE_VERSION "1.0.0"
| #define PACKAGE_STRING "hops 1.0.0"
| #define PACKAGE_BUGREPORT "tpw@google.com"
| #define PACKAGE_URL ""
| /* end confdefs.h.  */
| #include <ac_nonexistent.h>
configure:3653: checking for grep that handles long lines and -e
configure:3711: result: /bin/grep
configure:3716: checking for egrep
configure:3778: result: /bin/grep -E
configure:3783: checking for ANSI C header files
configure:3803: g++ -c -g -O2  conftest.cpp >&5
configure:3803: $? = 0
configure:3876: g++ -o conftest -g -O2   conftest.cpp  >&5
configure:3876: $? = 0
configure:3876: ./conftest
configure:3876: $? = 0
configure:3887: result: yes
configure:3900: checking for sys/types.h
configure:3900: g++ -c -g -O2  conftest.cpp >&5
configure:3900: $? = 0
configure:3900: result: yes
configure:3900: checking for sys/stat.h
configure:3900: g++ -c -g -O2  conftest.cpp >&5
configure:3900: $? = 0
configure:3900: result: yes
configure:3900: checking for stdlib.h
configure:3900: g++ -c -g -O2  conftest.cpp >&5
configure:3900: $? = 0
configure:3900: result: yes
configure:3900: checking for string.h
configure:3900: g++ -c -g -O2  conftest.cpp >&5
configure:3900: $? = 0
configure:3900: result: yes
configure:3900: checking for memory.h
configure:3900: g++ -c -g -O2  conftest.cpp >&5
configure:3900: $? = 0
configure:3900: result: yes
configure:3900: checking for strings.h
configure:3900: g++ -c -g -O2  conftest.cpp >&5
configure:3900: $? = 0
configure:3900: result: yes
configure:3900: checking for inttypes.h
configure:3900: g++ -c -g -O2  conftest.cpp >&5
configure:3900: $? = 0
configure:3900: result: yes
configure:3900: checking for stdint.h
configure:3900: g++ -c -g -O2  conftest.cpp >&5
configure:3900: $? = 0
configure:3900: result: yes
configure:3900: checking for unistd.h
configure:3900: g++ -c -g -O2  conftest.cpp >&5
configure:3900: $? = 0
configure:3900: result: yes
configure:3912: checking for stdbool.h that conforms to C99
configure:3979: g++ -c -g -O2  conftest.cpp >&5
conftest.cpp:22:15: error: expected unqualified-id before string constant
               "error: bool is not defined"
               ^~~~~~~~~~~~~~~~~~~~~~~~~~~~
conftest.cpp:40:48: error: 's' does not name a type
              struct s { _Bool s: 1; _Bool t; } s;
                                                ^
conftest.cpp:50:28: error: 's' was not declared in this scope
              char i[sizeof s.t];
                            ^
conftest.cpp: In function 'int main()':
conftest.cpp:68:24: error: 's' was not declared in this scope
              bool e = &s;
                        ^
conftest.cpp:72:63: error: 'i' was not declared in this scope
              return (!a + !b + !c + !d + !e + !f + !g + !h + !i + !!j + !k + !!l
                                                               ^
configure:3979: $? = 1
configure: failed program was:
| /* confdefs.h */
| #define PACKAGE_NAME "hops"
| #define PACKAGE_TARNAME "hops"
| #define PACKAGE_VERSION "1.0.0"
| #define PACKAGE_STRING "hops 1.0.0"
| #define PACKAGE_BUGREPORT "tpw@google.com"
| #define PACKAGE_URL ""
| #define STDC_HEADERS 1
| #define HAVE_SYS_TYPES_H 1
| #define HAVE_SYS_STAT_H 1
| #define HAVE_STDLIB_H 1
| #define HAVE_STRING_H 1
| #define HAVE_MEMORY_H 1
| #define HAVE_STRINGS_H 1
| #define HAVE_INTTYPES_H 1
| #define HAVE_STDINT_H 1
| #define HAVE_UNISTD_H 1
| /* end confdefs.h.  */
| 
|              #include <stdbool.h>
|              #ifndef bool
|               "error: bool is not defined"
|              #endif
|              #ifndef false
|               "error: false is not defined"
|              #endif
|              #if false
|               "error: false is not 0"
|              #endif
|              #ifndef true
|               "error: true is not defined"
|              #endif
|              #if true != 1
|               "error: true is not 1"
|              #endif
|              #ifndef __bool_true_false_are_defined
|               "error: __bool_true_false_are_defined is not defined"
|              #endif
| 
|              struct s { _Bool s: 1; _Bool t; } s;
| 
|              char a[true == 1 ? 1 : -1];
|              char b[false == 0 ? 1 : -1];
|              char c[__bool_true_false_are_defined == 1 ? 1 : -1];
|              char d[(bool) 0.5 == true ? 1 : -1];
|              /* See body of main program for 'e'.  */
|              char f[(_Bool) 0.0 == false ? 1 : -1];
|              char g[true];
|              char h[sizeof (_Bool)];
|              char i[sizeof s.t];
|              enum { j = false, k = true, l = false * true, m = true * 256 };
|              /* The following fails for
|                 HP aC++/ANSI C B3910B A.05.55 [Dec 04 2003]. */
|              _Bool n[m];
|              char o[sizeof n == m * sizeof n[0] ? 1 : -1];
|              char p[-1 - (_Bool) 0 < 0 && -1 - (bool) 0 < 0 ? 1 : -1];
|              /* Catch a bug in an HP-UX C compiler.  See
|                 http://gcc.gnu.org/ml/gcc-patches/2003-12/msg02303.html
|                 http://lists.gnu.org/archive/html/bug-coreutils/2005-11/msg00161.html
|               */
|              _Bool q = true;
|              _Bool *pq = &q;
| 
| int
| main ()
| {
| 
|              bool e = &s;
|              *pq |= q;
|              *pq |= ! q;
|              /* Refer to every declared value, to avoid compiler optimizations.  */
|              return (!a + !b + !c + !d + !e + !f + !g + !h + !i + !!j + !k + !!l
|                      + !m + !n + !o + !p + !q + !pq);
| 
|   ;
|   return 0;
| }
configure:3986: result: no
configure:3988: checking for _Bool
configure:3988: g++ -c -g -O2  conftest.cpp >&5
conftest.cpp: In function 'int main()':
conftest.cpp:55:13: error: '_Bool' was not declared in this scope
 if (sizeof (_Bool))
             ^~~~~
conftest.cpp:55:13: note: suggested alternative: 'bool'
 if (sizeof (_Bool))
             ^~~~~
             bool
configure:3988: $? = 1
configure: failed program was:
| /* confdefs.h */
| #define PACKAGE_NAME "hops"
| #define PACKAGE_TARNAME "hops"
| #define PACKAGE_VERSION "1.0.0"
| #define PACKAGE_STRING "hops 1.0.0"
| #define PACKAGE_BUGREPORT "tpw@google.com"
| #define PACKAGE_URL ""
| #define STDC_HEADERS 1
| #define HAVE_SYS_TYPES_H 1
| #define HAVE_SYS_STAT_H 1
| #define HAVE_STDLIB_H 1
| #define HAVE_STRING_H 1
| #define HAVE_MEMORY_H 1
| #define HAVE_STRINGS_H 1
| #define HAVE_INTTYPES_H 1
| #define HAVE_STDINT_H 1
| #define HAVE_UNISTD_H 1
| /* end confdefs.h.  */
| #include <stdio.h>
| #ifdef HAVE_SYS_TYPES_H
| # include <sys/types.h>
| #endif
| #ifdef HAVE_SYS_STAT_H
| # include <sys/stat.h>
| #endif
| #ifdef STDC_HEADERS
| # include <stdlib.h>
| # include <stddef.h>
| #else
| # ifdef HAVE_STDLIB_H
| #  include <stdlib.h>
| # endif
| #endif
| #ifdef HAVE_STRING_H
| # if !defined STDC_HEADERS && defined HAVE_MEMORY_H
| #  include <memory.h>
| # endif
| # include <string.h>
| #endif
| #ifdef HAVE_STRINGS_H
| # include <strings.h>
| #endif
| #ifdef HAVE_INTTYPES_H
| # include <inttypes.h>
| #endif
| #ifdef HAVE_STDINT_H
| # include <stdint.h>
| #endif
| #ifdef HAVE_UNISTD_H
| # include <unistd.h>
| #endif
| int
| main ()
| {
| if (sizeof (_Bool))
| 	 return 0;
|   ;
|   return 0;
| }
configure:3988: result: no
configure:4007: checking for pow
configure:4007: g++ -o conftest -g -O2   conftest.cpp  >&5
conftest.cpp:42:6: warning: declaration of 'char pow()' conflicts with built-in declaration 'double pow(double, double)' [-Wbuiltin-declaration-mismatch]
 char pow ();
      ^~~
configure:4007: $? = 0
configure:4007: result: yes
configure:4018: checking glog/logging.h usability
configure:4018: g++ -c -g -O2  conftest.cpp >&5
configure:4018: $? = 0
configure:4018: result: yes
configure:4018: checking glog/logging.h presence
configure:4018: g++ -E  conftest.cpp
configure:4018: $? = 0
configure:4018: result: yes
configure:4018: checking for glog/logging.h
configure:4018: result: yes
configure:4032: checking gflags/gflags.h usability
configure:4032: g++ -c -g -O2  conftest.cpp >&5
configure:4032: $? = 0
configure:4032: result: yes
configure:4032: checking gflags/gflags.h presence
configure:4032: g++ -E  conftest.cpp
configure:4032: $? = 0
configure:4032: result: yes
configure:4032: checking for gflags/gflags.h
configure:4032: result: yes
configure:4046: checking google/protobuf/text_format.h usability
configure:4046: g++ -c -g -O2  conftest.cpp >&5
configure:4046: $? = 0
configure:4046: result: yes
configure:4046: checking google/protobuf/text_format.h presence
configure:4046: g++ -E  conftest.cpp
configure:4046: $? = 0
configure:4046: result: yes
configure:4046: checking for google/protobuf/text_format.h
configure:4046: result: yes
configure:4060: checking for protoc
configure:4078: found /usr/bin/protoc
configure:4091: result: /usr/bin/protoc
configure:4223: checking that generated files are newer than configure
configure:4229: result: done
configure:4256: creating ./config.status

## ---------------------- ##
## Running config.status. ##
## ---------------------- ##

This file was extended by hops config.status 1.0.0, which was
generated by GNU Autoconf 2.69.  Invocation command line was

  CONFIG_FILES    = 
  CONFIG_HEADERS  = 
  CONFIG_LINKS    = 
  CONFIG_COMMANDS = 
  $ ./config.status 

on silas-Inspiron-7773

config.status:858: creating Makefile
config.status:858: creating config.h
config.status:1087: executing depfiles commands

## ---------------- ##
## Cache variables. ##
## ---------------- ##

ac_cv_cxx_compiler_gnu=yes
ac_cv_env_CCC_set=
ac_cv_env_CCC_value=
ac_cv_env_CPPFLAGS_set=
ac_cv_env_CPPFLAGS_value=
ac_cv_env_CXXCPP_set=
ac_cv_env_CXXCPP_value=
ac_cv_env_CXXFLAGS_set=
ac_cv_env_CXXFLAGS_value=
ac_cv_env_CXX_set=
ac_cv_env_CXX_value=
ac_cv_env_LDFLAGS_set=
ac_cv_env_LDFLAGS_value=
ac_cv_env_LIBS_set=
ac_cv_env_LIBS_value=
ac_cv_env_build_alias_set=
ac_cv_env_build_alias_value=
ac_cv_env_host_alias_set=
ac_cv_env_host_alias_value=
ac_cv_env_target_alias_set=
ac_cv_env_target_alias_value=
ac_cv_func_pow=yes
ac_cv_header_gflags_gflags_h=yes
ac_cv_header_glog_logging_h=yes
ac_cv_header_google_protobuf_text_format_h=yes
ac_cv_header_inttypes_h=yes
ac_cv_header_memory_h=yes
ac_cv_header_stdbool_h=no
ac_cv_header_stdc=yes
ac_cv_header_stdint_h=yes
ac_cv_header_stdlib_h=yes
ac_cv_header_string_h=yes
ac_cv_header_strings_h=yes
ac_cv_header_sys_stat_h=yes
ac_cv_header_sys_types_h=yes
ac_cv_header_unistd_h=yes
ac_cv_objext=o
ac_cv_path_EGREP='/bin/grep -E'
ac_cv_path_GREP=/bin/grep
ac_cv_path_PROTOC=/usr/bin/protoc
ac_cv_path_install='/usr/bin/install -c'
ac_cv_path_mkdir=/bin/mkdir
ac_cv_prog_AWK=mawk
ac_cv_prog_CXXCPP='g++ -E'
ac_cv_prog_ac_ct_CXX=g++
ac_cv_prog_cxx_g=yes
ac_cv_prog_make_make_set=yes
ac_cv_type__Bool=no
am_cv_CXX_dependencies_compiler_type=gcc3
am_cv_make_support_nested_variables=yes

## ----------------- ##
## Output variables. ##
## ----------------- ##

ACLOCAL='${SHELL} "/home/silas/Desktop/Semester 7/Heliostat Project/GoogleHops/hops/missing" aclocal-1.15'
AMDEPBACKSLASH='\'
AMDEP_FALSE='#'
AMDEP_TRUE=''
AMTAR='$${TAR-tar}'
AM_BACKSLASH='\'
AM_DEFAULT_V='$(AM_DEFAULT_VERBOSITY)'
AM_DEFAULT_VERBOSITY='1'
AM_V='$(V)'
AUTOCONF='${SHELL} "/home/silas/Desktop/Semester 7/Heliostat Project/GoogleHops/hops/missing" autoconf'
AUTOHEADER='${SHELL} "/home/silas/Desktop/Semester 7/Heliostat Project/GoogleHops/hops/missing" autoheader'
AUTOMAKE='${SHELL} "/home/silas/Desktop/Semester 7/Heliostat Project/GoogleHops/hops/missing" automake-1.15'
AWK='mawk'
CPPFLAGS=''
CXX='g++'
CXXCPP='g++ -E'
CXXDEPMODE='depmode=gcc3'
CXXFLAGS='-g -O2'
CYGPATH_W='echo'
DEFS='-DHAVE_CONFIG_H'
DEPDIR='.deps'
ECHO_C=''
ECHO_N='-n'
ECHO_T=''
EGREP='/bin/grep -E'
EXEEXT=''
GCC_FALSE=''
GCC_TRUE='#'
GREP='/bin/grep'
INSTALL_DATA='${INSTALL} -m 644'
INSTALL_PROGRAM='${INSTALL}'
INSTALL_SCRIPT='${INSTALL}'
INSTALL_STRIP_PROGRAM='$(install_sh) -c -s'
LDFLAGS=''
LIBOBJS=''
LIBS=''
LTLIBOBJS=''
MAKEINFO='${SHELL} "/home/silas/Desktop/Semester 7/Heliostat Project/GoogleHops/hops/missing" makeinfo'
MKDIR_P='/bin/mkdir -p'
OBJEXT='o'
PACKAGE='hops'
PACKAGE_BUGREPORT='tpw@google.com'
PACKAGE_NAME='hops'
PACKAGE_STRING='hops 1.0.0'
PACKAGE_TARNAME='hops'
PACKAGE_URL=''
PACKAGE_VERSION='1.0.0'
PATH_SEPARATOR=':'
PROTOC='/usr/bin/protoc'
SET_MAKE=''
SHELL='/bin/bash'
STRIP=''
VERSION='1.0.0'
ac_ct_CXX='g++'
am__EXEEXT_FALSE=''
am__EXEEXT_TRUE='#'
am__fastdepCXX_FALSE='#'
am__fastdepCXX_TRUE=''
am__include='include'
am__isrc=''
am__leading_dot='.'
am__nodep='_no'
am__quote=''
am__tar='$${TAR-tar} chof - "$$tardir"'
am__untar='$${TAR-tar} xf -'
bindir='${exec_prefix}/bin'
build_alias=''
datadir='${datarootdir}'
datarootdir='${prefix}/share'
docdir='${datarootdir}/doc/${PACKAGE_TARNAME}'
dvidir='${docdir}'
exec_prefix='${prefix}'
host_alias=''
htmldir='${docdir}'
includedir='${prefix}/include'
infodir='${datarootdir}/info'
install_sh='${SHELL} '\''/home/silas/Desktop/Semester 7/Heliostat Project/GoogleHops/hops/install-sh'\'''
libdir='${exec_prefix}/lib'
libexecdir='${exec_prefix}/libexec'
localedir='${datarootdir}/locale'
localstatedir='${prefix}/var'
mandir='${datarootdir}/man'
mkdir_p='$(MKDIR_P)'
oldincludedir='/usr/include'
pdfdir='${docdir}'
prefix='/usr/local'
program_transform_name='s,x,x,'
psdir='${docdir}'
runstatedir='${localstatedir}/run'
sbindir='${exec_prefix}/sbin'
sharedstatedir='${prefix}/com'
sysconfdir='${prefix}/etc'
target_alias=''

## ----------- ##
## confdefs.h. ##
## ----------- ##

/* confdefs.h */
#define PACKAGE_NAME "hops"
#define PACKAGE_TARNAME "hops"
#define PACKAGE_VERSION "1.0.0"
#define PACKAGE_STRING "hops 1.0.0"
#define PACKAGE_BUGREPORT "tpw@google.com"
#define PACKAGE_URL ""
#define STDC_HEADERS 1
#define HAVE_SYS_TYPES_H 1
#define HAVE_SYS_STAT_H 1
#define HAVE_STDLIB_H 1
#define HAVE_STRING_H 1
#define HAVE_MEMORY_H 1
#define HAVE_STRINGS_H 1
#define HAVE_INTTYPES_H 1
#define HAVE_STDINT_H 1
#define HAVE_UNISTD_H 1
#define HAVE_POW 1
#define HAVE_GLOG_LOGGING_H 1
#define HAVE_GFLAGS_GFLAGS_H 1
#define HAVE_GOOGLE_PROTOBUF_TEXT_FORMAT_H 1

configure: exit 0
